<?xml version="1.0" encoding="UTF-8"?>
<!-- Generated by org.testng.reporters.JUnitReportReporter -->
<testsuite hostname="DESKTOP-H2MKU22" name="Testinput.Datadriven" tests="1" failures="0" timestamp="3 Feb 2020 06:35:21 GMT" time="46.492" errors="0">
  <testcase name="addEmployee" time="46.492" classname="Testinput.Datadriven"/>
</testsuite> <!-- Testinput.Datadriven -->
