<?xml version="1.0" encoding="UTF-8"?>
<!-- Generated by org.testng.reporters.JUnitReportReporter -->
<testsuite hostname="DESKTOP-H2MKU22" name="driverfactory.Datadriven" tests="1" failures="0" timestamp="5 Mar 2020 05:42:47 GMT" time="44.186" errors="0">
  <testcase name="addEmployee" time="44.186" classname="driverfactory.Datadriven"/>
</testsuite> <!-- driverfactory.Datadriven -->
