<?xml version="1.0" encoding="UTF-8"?>
<!-- Generated by org.testng.reporters.JUnitReportReporter -->
<testsuite hostname="DESKTOP-H2MKU22" name="feb5.Implicit1" tests="1" failures="0" timestamp="5 Feb 2020 09:50:33 GMT" time="15.003" errors="0">
  <testcase name="Login" time="15.003" classname="feb5.Implicit1"/>
</testsuite> <!-- feb5.Implicit1 -->
