<?xml version="1.0" encoding="UTF-8"?>
<!-- Generated by org.testng.reporters.JUnitReportReporter -->
<testsuite hostname="DESKTOP-H2MKU22" name="feb5.Implicit" tests="1" failures="0" timestamp="5 Feb 2020 09:53:20 GMT" time="12.513" errors="0">
  <testcase name="Login" time="12.513" classname="feb5.Implicit"/>
</testsuite> <!-- feb5.Implicit -->
